running egg_info
writing build/weather_pkg/weather_pkg.egg-info/PKG-INFO
writing dependency_links to build/weather_pkg/weather_pkg.egg-info/dependency_links.txt
writing entry points to build/weather_pkg/weather_pkg.egg-info/entry_points.txt
writing requirements to build/weather_pkg/weather_pkg.egg-info/requires.txt
writing top-level names to build/weather_pkg/weather_pkg.egg-info/top_level.txt
reading manifest file 'build/weather_pkg/weather_pkg.egg-info/SOURCES.txt'
writing manifest file 'build/weather_pkg/weather_pkg.egg-info/SOURCES.txt'
running build
running build_py
copying weather_pkg/aggregator_node.py -> /home/danya-ahmed/session6-task/ros2_ws/src/weather_pkg/build/weather_pkg/build/lib/weather_pkg
running install
running install_lib
copying /home/danya-ahmed/session6-task/ros2_ws/src/weather_pkg/build/weather_pkg/build/lib/weather_pkg/aggregator_node.py -> /home/danya-ahmed/session6-task/ros2_ws/src/weather_pkg/install/weather_pkg/lib/python3.12/site-packages/weather_pkg
byte-compiling /home/danya-ahmed/session6-task/ros2_ws/src/weather_pkg/install/weather_pkg/lib/python3.12/site-packages/weather_pkg/aggregator_node.py to aggregator_node.cpython-312.pyc
running install_data
running install_egg_info
removing '/home/danya-ahmed/session6-task/ros2_ws/src/weather_pkg/install/weather_pkg/lib/python3.12/site-packages/weather_pkg-0.0.0-py3.12.egg-info' (and everything under it)
Copying build/weather_pkg/weather_pkg.egg-info to /home/danya-ahmed/session6-task/ros2_ws/src/weather_pkg/install/weather_pkg/lib/python3.12/site-packages/weather_pkg-0.0.0-py3.12.egg-info
running install_scripts
Installing aggregator_node script to /home/danya-ahmed/session6-task/ros2_ws/src/weather_pkg/install/weather_pkg/lib/weather_pkg
Installing humidity_node script to /home/danya-ahmed/session6-task/ros2_ws/src/weather_pkg/install/weather_pkg/lib/weather_pkg
Installing pressure_node script to /home/danya-ahmed/session6-task/ros2_ws/src/weather_pkg/install/weather_pkg/lib/weather_pkg
Installing temperature_node script to /home/danya-ahmed/session6-task/ros2_ws/src/weather_pkg/install/weather_pkg/lib/weather_pkg
writing list of installed files to '/home/danya-ahmed/session6-task/ros2_ws/src/weather_pkg/build/weather_pkg/install.log'
