[0.817s] Invoking command in '/home/danya-ahmed/session6-task/ros2_ws/src/weather_pkg': DEBUGINFOD_URLS=https://debuginfod.ubuntu.com PYTHONPATH=/home/danya-ahmed/session6-task/ros2_ws/src/weather_pkg/build/weather_pkg/prefix_override:/usr/lib/python3/dist-packages/colcon_core/task/python/colcon_distutils_commands:/home/danya-ahmed/session6-task/ros2_ws/src/weather_pkg/install/weather_pkg/lib/python3.12/site-packages:${PYTHONPATH} /usr/bin/python3 -W ignore:setup.py install is deprecated setup.py egg_info --egg-base build/weather_pkg build --build-base /home/danya-ahmed/session6-task/ros2_ws/src/weather_pkg/build/weather_pkg/build install --record /home/danya-ahmed/session6-task/ros2_ws/src/weather_pkg/build/weather_pkg/install.log --single-version-externally-managed install_data
[1.070s] running egg_info
[1.087s] writing build/weather_pkg/weather_pkg.egg-info/PKG-INFO
[1.087s] writing dependency_links to build/weather_pkg/weather_pkg.egg-info/dependency_links.txt
[1.087s] writing entry points to build/weather_pkg/weather_pkg.egg-info/entry_points.txt
[1.088s] writing requirements to build/weather_pkg/weather_pkg.egg-info/requires.txt
[1.088s] writing top-level names to build/weather_pkg/weather_pkg.egg-info/top_level.txt
[1.124s] reading manifest file 'build/weather_pkg/weather_pkg.egg-info/SOURCES.txt'
[1.124s] writing manifest file 'build/weather_pkg/weather_pkg.egg-info/SOURCES.txt'
[1.124s] running build
[1.124s] running build_py
[1.125s] copying weather_pkg/aggregator_node.py -> /home/danya-ahmed/session6-task/ros2_ws/src/weather_pkg/build/weather_pkg/build/lib/weather_pkg
[1.125s] running install
[1.132s] running install_lib
[1.150s] copying /home/danya-ahmed/session6-task/ros2_ws/src/weather_pkg/build/weather_pkg/build/lib/weather_pkg/aggregator_node.py -> /home/danya-ahmed/session6-task/ros2_ws/src/weather_pkg/install/weather_pkg/lib/python3.12/site-packages/weather_pkg
[1.151s] byte-compiling /home/danya-ahmed/session6-task/ros2_ws/src/weather_pkg/install/weather_pkg/lib/python3.12/site-packages/weather_pkg/aggregator_node.py to aggregator_node.cpython-312.pyc
[1.152s] running install_data
[1.152s] running install_egg_info
[1.172s] removing '/home/danya-ahmed/session6-task/ros2_ws/src/weather_pkg/install/weather_pkg/lib/python3.12/site-packages/weather_pkg-0.0.0-py3.12.egg-info' (and everything under it)
[1.172s] Copying build/weather_pkg/weather_pkg.egg-info to /home/danya-ahmed/session6-task/ros2_ws/src/weather_pkg/install/weather_pkg/lib/python3.12/site-packages/weather_pkg-0.0.0-py3.12.egg-info
[1.172s] running install_scripts
[1.295s] Installing aggregator_node script to /home/danya-ahmed/session6-task/ros2_ws/src/weather_pkg/install/weather_pkg/lib/weather_pkg
[1.295s] Installing humidity_node script to /home/danya-ahmed/session6-task/ros2_ws/src/weather_pkg/install/weather_pkg/lib/weather_pkg
[1.295s] Installing pressure_node script to /home/danya-ahmed/session6-task/ros2_ws/src/weather_pkg/install/weather_pkg/lib/weather_pkg
[1.295s] Installing temperature_node script to /home/danya-ahmed/session6-task/ros2_ws/src/weather_pkg/install/weather_pkg/lib/weather_pkg
[1.295s] writing list of installed files to '/home/danya-ahmed/session6-task/ros2_ws/src/weather_pkg/build/weather_pkg/install.log'
[1.322s] Invoked command in '/home/danya-ahmed/session6-task/ros2_ws/src/weather_pkg' returned '0': DEBUGINFOD_URLS=https://debuginfod.ubuntu.com PYTHONPATH=/home/danya-ahmed/session6-task/ros2_ws/src/weather_pkg/build/weather_pkg/prefix_override:/usr/lib/python3/dist-packages/colcon_core/task/python/colcon_distutils_commands:/home/danya-ahmed/session6-task/ros2_ws/src/weather_pkg/install/weather_pkg/lib/python3.12/site-packages:${PYTHONPATH} /usr/bin/python3 -W ignore:setup.py install is deprecated setup.py egg_info --egg-base build/weather_pkg build --build-base /home/danya-ahmed/session6-task/ros2_ws/src/weather_pkg/build/weather_pkg/build install --record /home/danya-ahmed/session6-task/ros2_ws/src/weather_pkg/build/weather_pkg/install.log --single-version-externally-managed install_data
