running develop
/usr/lib/python3/dist-packages/setuptools/command/develop.py:40: EasyInstallDeprecationWarning: easy_install command is deprecated.
!!

        ********************************************************************************
        Please avoid running ``setup.py`` and ``easy_install``.
        Instead, use pypa/build, pypa/installer or other
        standards-based tools.

        See https://github.com/pypa/setuptools/issues/917 for details.
        ********************************************************************************

!!
  easy_install.initialize_options(self)
running egg_info
writing weather_pkg.egg-info/PKG-INFO
writing dependency_links to weather_pkg.egg-info/dependency_links.txt
writing entry points to weather_pkg.egg-info/entry_points.txt
writing requirements to weather_pkg.egg-info/requires.txt
writing top-level names to weather_pkg.egg-info/top_level.txt
reading manifest file 'weather_pkg.egg-info/SOURCES.txt'
writing manifest file 'weather_pkg.egg-info/SOURCES.txt'
running build_ext
Creating /home/asserhanafy/session6-task/ros2_ws/install/weather_pkg/lib/python3.12/site-packages/weather-pkg.egg-link (link to .)
Installing aggregator_node script to /home/asserhanafy/session6-task/ros2_ws/install/weather_pkg/lib/weather_pkg
Installing humidity_node script to /home/asserhanafy/session6-task/ros2_ws/install/weather_pkg/lib/weather_pkg
Installing pressure_node script to /home/asserhanafy/session6-task/ros2_ws/install/weather_pkg/lib/weather_pkg
Installing temperature_node script to /home/asserhanafy/session6-task/ros2_ws/install/weather_pkg/lib/weather_pkg

Installed /home/asserhanafy/session6-task/ros2_ws/build/weather_pkg
running symlink_data
symbolically linking /home/asserhanafy/session6-task/ros2_ws/build/weather_pkg/resource/weather_pkg -> /home/asserhanafy/session6-task/ros2_ws/install/weather_pkg/share/ament_index/resource_index/packages
symbolically linking /home/asserhanafy/session6-task/ros2_ws/build/weather_pkg/package.xml -> /home/asserhanafy/session6-task/ros2_ws/install/weather_pkg/share/weather_pkg
