[0.504s] Invoking command in '/home/danya-ahmed/session6-task/ros2_ws/src/weather_pkg': DEBUGINFOD_URLS=https://debuginfod.ubuntu.com PYTHONPATH=/home/danya-ahmed/session6-task/ros2_ws/src/weather_pkg/build/weather_pkg/prefix_override:/usr/lib/python3/dist-packages/colcon_core/task/python/colcon_distutils_commands:/home/danya-ahmed/session6-task/ros2_ws/src/weather_pkg/install/weather_pkg/lib/python3.12/site-packages:${PYTHONPATH} /usr/bin/python3 -W ignore:setup.py install is deprecated setup.py egg_info --egg-base build/weather_pkg build --build-base /home/danya-ahmed/session6-task/ros2_ws/src/weather_pkg/build/weather_pkg/build install --record /home/danya-ahmed/session6-task/ros2_ws/src/weather_pkg/build/weather_pkg/install.log --single-version-externally-managed install_data
[0.672s] running egg_info
[0.684s] writing build/weather_pkg/weather_pkg.egg-info/PKG-INFO
[0.684s] writing dependency_links to build/weather_pkg/weather_pkg.egg-info/dependency_links.txt
[0.684s] writing entry points to build/weather_pkg/weather_pkg.egg-info/entry_points.txt
[0.684s] writing requirements to build/weather_pkg/weather_pkg.egg-info/requires.txt
[0.684s] writing top-level names to build/weather_pkg/weather_pkg.egg-info/top_level.txt
[0.708s] reading manifest file 'build/weather_pkg/weather_pkg.egg-info/SOURCES.txt'
[0.708s] writing manifest file 'build/weather_pkg/weather_pkg.egg-info/SOURCES.txt'
[0.709s] running build
[0.709s] running build_py
[0.709s] copying weather_pkg/aggregator_node.py -> /home/danya-ahmed/session6-task/ros2_ws/src/weather_pkg/build/weather_pkg/build/lib/weather_pkg
[0.709s] copying weather_pkg/remote_station.py -> /home/danya-ahmed/session6-task/ros2_ws/src/weather_pkg/build/weather_pkg/build/lib/weather_pkg
[0.709s] running install
[0.714s] running install_lib
[0.726s] copying /home/danya-ahmed/session6-task/ros2_ws/src/weather_pkg/build/weather_pkg/build/lib/weather_pkg/aggregator_node.py -> /home/danya-ahmed/session6-task/ros2_ws/src/weather_pkg/install/weather_pkg/lib/python3.12/site-packages/weather_pkg
[0.726s] copying /home/danya-ahmed/session6-task/ros2_ws/src/weather_pkg/build/weather_pkg/build/lib/weather_pkg/remote_station.py -> /home/danya-ahmed/session6-task/ros2_ws/src/weather_pkg/install/weather_pkg/lib/python3.12/site-packages/weather_pkg
[0.726s] byte-compiling /home/danya-ahmed/session6-task/ros2_ws/src/weather_pkg/install/weather_pkg/lib/python3.12/site-packages/weather_pkg/aggregator_node.py to aggregator_node.cpython-312.pyc
[0.727s] byte-compiling /home/danya-ahmed/session6-task/ros2_ws/src/weather_pkg/install/weather_pkg/lib/python3.12/site-packages/weather_pkg/remote_station.py to remote_station.cpython-312.pyc
[0.727s] running install_data
[0.727s] copying package.xml -> /home/danya-ahmed/session6-task/ros2_ws/src/weather_pkg/install/weather_pkg/share/weather_pkg
[0.727s] running install_egg_info
[0.740s] removing '/home/danya-ahmed/session6-task/ros2_ws/src/weather_pkg/install/weather_pkg/lib/python3.12/site-packages/weather_pkg-0.0.0-py3.12.egg-info' (and everything under it)
[0.740s] Copying build/weather_pkg/weather_pkg.egg-info to /home/danya-ahmed/session6-task/ros2_ws/src/weather_pkg/install/weather_pkg/lib/python3.12/site-packages/weather_pkg-0.0.0-py3.12.egg-info
[0.741s] running install_scripts
[0.821s] Installing aggregator_node script to /home/danya-ahmed/session6-task/ros2_ws/src/weather_pkg/install/weather_pkg/lib/weather_pkg
[0.821s] Installing humidity_node script to /home/danya-ahmed/session6-task/ros2_ws/src/weather_pkg/install/weather_pkg/lib/weather_pkg
[0.821s] Installing pressure_node script to /home/danya-ahmed/session6-task/ros2_ws/src/weather_pkg/install/weather_pkg/lib/weather_pkg
[0.821s] Installing temperature_node script to /home/danya-ahmed/session6-task/ros2_ws/src/weather_pkg/install/weather_pkg/lib/weather_pkg
[0.821s] writing list of installed files to '/home/danya-ahmed/session6-task/ros2_ws/src/weather_pkg/build/weather_pkg/install.log'
[0.840s] Invoked command in '/home/danya-ahmed/session6-task/ros2_ws/src/weather_pkg' returned '0': DEBUGINFOD_URLS=https://debuginfod.ubuntu.com PYTHONPATH=/home/danya-ahmed/session6-task/ros2_ws/src/weather_pkg/build/weather_pkg/prefix_override:/usr/lib/python3/dist-packages/colcon_core/task/python/colcon_distutils_commands:/home/danya-ahmed/session6-task/ros2_ws/src/weather_pkg/install/weather_pkg/lib/python3.12/site-packages:${PYTHONPATH} /usr/bin/python3 -W ignore:setup.py install is deprecated setup.py egg_info --egg-base build/weather_pkg build --build-base /home/danya-ahmed/session6-task/ros2_ws/src/weather_pkg/build/weather_pkg/build install --record /home/danya-ahmed/session6-task/ros2_ws/src/weather_pkg/build/weather_pkg/install.log --single-version-externally-managed install_data
