/home/danya-ahmed/session6-task/ros2_ws/src/weather_pkg/install/weather_pkg/lib/python3.12/site-packages/weather_pkg/remote_station_node.py
/home/danya-ahmed/session6-task/ros2_ws/src/weather_pkg/install/weather_pkg/lib/python3.12/site-packages/weather_pkg/aggregator_node.py
/home/danya-ahmed/session6-task/ros2_ws/src/weather_pkg/install/weather_pkg/lib/python3.12/site-packages/weather_pkg/remote_station.py
/home/danya-ahmed/session6-task/ros2_ws/src/weather_pkg/install/weather_pkg/lib/python3.12/site-packages/weather_pkg/temperature_node.py
/home/danya-ahmed/session6-task/ros2_ws/src/weather_pkg/install/weather_pkg/lib/python3.12/site-packages/weather_pkg/pressure_node.py
/home/danya-ahmed/session6-task/ros2_ws/src/weather_pkg/install/weather_pkg/lib/python3.12/site-packages/weather_pkg/__init__.py
/home/danya-ahmed/session6-task/ros2_ws/src/weather_pkg/install/weather_pkg/lib/python3.12/site-packages/weather_pkg/humidity_node.py
/home/danya-ahmed/session6-task/ros2_ws/src/weather_pkg/install/weather_pkg/lib/python3.12/site-packages/weather_pkg/__pycache__/remote_station_node.cpython-312.pyc
/home/danya-ahmed/session6-task/ros2_ws/src/weather_pkg/install/weather_pkg/lib/python3.12/site-packages/weather_pkg/__pycache__/aggregator_node.cpython-312.pyc
/home/danya-ahmed/session6-task/ros2_ws/src/weather_pkg/install/weather_pkg/lib/python3.12/site-packages/weather_pkg/__pycache__/remote_station.cpython-312.pyc
/home/danya-ahmed/session6-task/ros2_ws/src/weather_pkg/install/weather_pkg/lib/python3.12/site-packages/weather_pkg/__pycache__/temperature_node.cpython-312.pyc
/home/danya-ahmed/session6-task/ros2_ws/src/weather_pkg/install/weather_pkg/lib/python3.12/site-packages/weather_pkg/__pycache__/pressure_node.cpython-312.pyc
/home/danya-ahmed/session6-task/ros2_ws/src/weather_pkg/install/weather_pkg/lib/python3.12/site-packages/weather_pkg/__pycache__/__init__.cpython-312.pyc
/home/danya-ahmed/session6-task/ros2_ws/src/weather_pkg/install/weather_pkg/lib/python3.12/site-packages/weather_pkg/__pycache__/humidity_node.cpython-312.pyc
/home/danya-ahmed/session6-task/ros2_ws/src/weather_pkg/install/weather_pkg/share/ament_index/resource_index/packages/weather_pkg
/home/danya-ahmed/session6-task/ros2_ws/src/weather_pkg/install/weather_pkg/share/weather_pkg/package.xml
/home/danya-ahmed/session6-task/ros2_ws/src/weather_pkg/install/weather_pkg/lib/python3.12/site-packages/weather_pkg-0.0.0-py3.12.egg-info/dependency_links.txt
/home/danya-ahmed/session6-task/ros2_ws/src/weather_pkg/install/weather_pkg/lib/python3.12/site-packages/weather_pkg-0.0.0-py3.12.egg-info/PKG-INFO
/home/danya-ahmed/session6-task/ros2_ws/src/weather_pkg/install/weather_pkg/lib/python3.12/site-packages/weather_pkg-0.0.0-py3.12.egg-info/requires.txt
/home/danya-ahmed/session6-task/ros2_ws/src/weather_pkg/install/weather_pkg/lib/python3.12/site-packages/weather_pkg-0.0.0-py3.12.egg-info/zip-safe
/home/danya-ahmed/session6-task/ros2_ws/src/weather_pkg/install/weather_pkg/lib/python3.12/site-packages/weather_pkg-0.0.0-py3.12.egg-info/top_level.txt
/home/danya-ahmed/session6-task/ros2_ws/src/weather_pkg/install/weather_pkg/lib/python3.12/site-packages/weather_pkg-0.0.0-py3.12.egg-info/SOURCES.txt
/home/danya-ahmed/session6-task/ros2_ws/src/weather_pkg/install/weather_pkg/lib/python3.12/site-packages/weather_pkg-0.0.0-py3.12.egg-info/entry_points.txt
/home/danya-ahmed/session6-task/ros2_ws/src/weather_pkg/install/weather_pkg/lib/weather_pkg/aggregator_node
/home/danya-ahmed/session6-task/ros2_ws/src/weather_pkg/install/weather_pkg/lib/weather_pkg/humidity_node
/home/danya-ahmed/session6-task/ros2_ws/src/weather_pkg/install/weather_pkg/lib/weather_pkg/pressure_node
/home/danya-ahmed/session6-task/ros2_ws/src/weather_pkg/install/weather_pkg/lib/weather_pkg/temperature_node
