running egg_info
creating ../../build/weather_pkg/weather_pkg.egg-info
writing ../../build/weather_pkg/weather_pkg.egg-info/PKG-INFO
writing dependency_links to ../../build/weather_pkg/weather_pkg.egg-info/dependency_links.txt
writing entry points to ../../build/weather_pkg/weather_pkg.egg-info/entry_points.txt
writing requirements to ../../build/weather_pkg/weather_pkg.egg-info/requires.txt
writing top-level names to ../../build/weather_pkg/weather_pkg.egg-info/top_level.txt
writing manifest file '../../build/weather_pkg/weather_pkg.egg-info/SOURCES.txt'
reading manifest file '../../build/weather_pkg/weather_pkg.egg-info/SOURCES.txt'
writing manifest file '../../build/weather_pkg/weather_pkg.egg-info/SOURCES.txt'
running build
running build_py
creating /home/danya-ahmed/session6-task/ros2_ws/build/weather_pkg/build
creating /home/danya-ahmed/session6-task/ros2_ws/build/weather_pkg/build/lib
creating /home/danya-ahmed/session6-task/ros2_ws/build/weather_pkg/build/lib/weather_pkg
copying weather_pkg/remote_station_node.py -> /home/danya-ahmed/session6-task/ros2_ws/build/weather_pkg/build/lib/weather_pkg
copying weather_pkg/aggregator_node.py -> /home/danya-ahmed/session6-task/ros2_ws/build/weather_pkg/build/lib/weather_pkg
copying weather_pkg/temperature_node.py -> /home/danya-ahmed/session6-task/ros2_ws/build/weather_pkg/build/lib/weather_pkg
copying weather_pkg/pressure_node.py -> /home/danya-ahmed/session6-task/ros2_ws/build/weather_pkg/build/lib/weather_pkg
copying weather_pkg/__init__.py -> /home/danya-ahmed/session6-task/ros2_ws/build/weather_pkg/build/lib/weather_pkg
copying weather_pkg/humidity_node.py -> /home/danya-ahmed/session6-task/ros2_ws/build/weather_pkg/build/lib/weather_pkg
running install
running install_lib
creating /home/danya-ahmed/session6-task/ros2_ws/install/weather_pkg/lib/python3.12/site-packages/weather_pkg
copying /home/danya-ahmed/session6-task/ros2_ws/build/weather_pkg/build/lib/weather_pkg/remote_station_node.py -> /home/danya-ahmed/session6-task/ros2_ws/install/weather_pkg/lib/python3.12/site-packages/weather_pkg
copying /home/danya-ahmed/session6-task/ros2_ws/build/weather_pkg/build/lib/weather_pkg/aggregator_node.py -> /home/danya-ahmed/session6-task/ros2_ws/install/weather_pkg/lib/python3.12/site-packages/weather_pkg
copying /home/danya-ahmed/session6-task/ros2_ws/build/weather_pkg/build/lib/weather_pkg/temperature_node.py -> /home/danya-ahmed/session6-task/ros2_ws/install/weather_pkg/lib/python3.12/site-packages/weather_pkg
copying /home/danya-ahmed/session6-task/ros2_ws/build/weather_pkg/build/lib/weather_pkg/pressure_node.py -> /home/danya-ahmed/session6-task/ros2_ws/install/weather_pkg/lib/python3.12/site-packages/weather_pkg
copying /home/danya-ahmed/session6-task/ros2_ws/build/weather_pkg/build/lib/weather_pkg/__init__.py -> /home/danya-ahmed/session6-task/ros2_ws/install/weather_pkg/lib/python3.12/site-packages/weather_pkg
copying /home/danya-ahmed/session6-task/ros2_ws/build/weather_pkg/build/lib/weather_pkg/humidity_node.py -> /home/danya-ahmed/session6-task/ros2_ws/install/weather_pkg/lib/python3.12/site-packages/weather_pkg
byte-compiling /home/danya-ahmed/session6-task/ros2_ws/install/weather_pkg/lib/python3.12/site-packages/weather_pkg/remote_station_node.py to remote_station_node.cpython-312.pyc
byte-compiling /home/danya-ahmed/session6-task/ros2_ws/install/weather_pkg/lib/python3.12/site-packages/weather_pkg/aggregator_node.py to aggregator_node.cpython-312.pyc
byte-compiling /home/danya-ahmed/session6-task/ros2_ws/install/weather_pkg/lib/python3.12/site-packages/weather_pkg/temperature_node.py to temperature_node.cpython-312.pyc
byte-compiling /home/danya-ahmed/session6-task/ros2_ws/install/weather_pkg/lib/python3.12/site-packages/weather_pkg/pressure_node.py to pressure_node.cpython-312.pyc
byte-compiling /home/danya-ahmed/session6-task/ros2_ws/install/weather_pkg/lib/python3.12/site-packages/weather_pkg/__init__.py to __init__.cpython-312.pyc
byte-compiling /home/danya-ahmed/session6-task/ros2_ws/install/weather_pkg/lib/python3.12/site-packages/weather_pkg/humidity_node.py to humidity_node.cpython-312.pyc
running install_data
creating /home/danya-ahmed/session6-task/ros2_ws/install/weather_pkg/share/ament_index
creating /home/danya-ahmed/session6-task/ros2_ws/install/weather_pkg/share/ament_index/resource_index
creating /home/danya-ahmed/session6-task/ros2_ws/install/weather_pkg/share/ament_index/resource_index/packages
copying resource/weather_pkg -> /home/danya-ahmed/session6-task/ros2_ws/install/weather_pkg/share/ament_index/resource_index/packages
copying package.xml -> /home/danya-ahmed/session6-task/ros2_ws/install/weather_pkg/share/weather_pkg
running install_egg_info
Copying ../../build/weather_pkg/weather_pkg.egg-info to /home/danya-ahmed/session6-task/ros2_ws/install/weather_pkg/lib/python3.12/site-packages/weather_pkg-0.0.0-py3.12.egg-info
running install_scripts
Installing aggregator_node script to /home/danya-ahmed/session6-task/ros2_ws/install/weather_pkg/lib/weather_pkg
Installing humidity_node script to /home/danya-ahmed/session6-task/ros2_ws/install/weather_pkg/lib/weather_pkg
Installing pressure_node script to /home/danya-ahmed/session6-task/ros2_ws/install/weather_pkg/lib/weather_pkg
Installing temperature_node script to /home/danya-ahmed/session6-task/ros2_ws/install/weather_pkg/lib/weather_pkg
writing list of installed files to '/home/danya-ahmed/session6-task/ros2_ws/build/weather_pkg/install.log'
