[0.100s] DEBUG:colcon:Command line arguments: ['/usr/bin/colcon', 'build']
[0.100s] DEBUG:colcon:Parsed command line arguments: Namespace(log_base=None, log_level=None, verb_name='build', build_base='build', install_base='install', merge_install=False, symlink_install=False, test_result_base=None, continue_on_error=False, executor='parallel', parallel_workers=8, event_handlers=None, ignore_user_meta=False, metas=['./colcon.meta'], base_paths=['.'], packages_ignore=None, packages_ignore_regex=None, paths=None, packages_up_to=None, packages_up_to_regex=None, packages_above=None, packages_above_and_dependencies=None, packages_above_depth=None, packages_select_by_dep=None, packages_skip_by_dep=None, packages_skip_up_to=None, packages_select_build_failed=False, packages_skip_build_finished=False, packages_select_test_failures=False, packages_skip_test_passed=False, packages_select=None, packages_skip=None, packages_select_regex=None, packages_skip_regex=None, packages_start=None, packages_end=None, allow_overriding=[], cmake_args=None, cmake_target=None, cmake_target_skip_unavailable=False, cmake_clean_cache=False, cmake_clean_first=False, cmake_force_configure=False, ament_cmake_args=None, catkin_cmake_args=None, catkin_skip_building_tests=False, mixin_files=None, mixin=None, verb_parser=<colcon_mixin.mixin.mixin_argument.MixinArgumentDecorator object at 0x7350be482240>, verb_extension=<colcon_core.verb.build.BuildVerb object at 0x7350be5fa960>, main=<bound method BuildVerb.main of <colcon_core.verb.build.BuildVerb object at 0x7350be5fa960>>, mixin_verb=('build',))
[0.134s] Level 1:colcon.colcon_core.package_discovery:discover_packages(colcon_meta) check parameters
[0.134s] Level 1:colcon.colcon_core.package_discovery:discover_packages(recursive) check parameters
[0.134s] Level 1:colcon.colcon_core.package_discovery:discover_packages(ignore) check parameters
[0.134s] Level 1:colcon.colcon_core.package_discovery:discover_packages(path) check parameters
[0.134s] Level 1:colcon.colcon_core.package_discovery:discover_packages(colcon_meta) discover
[0.134s] Level 1:colcon.colcon_core.package_discovery:discover_packages(recursive) discover
[0.134s] INFO:colcon.colcon_core.package_discovery:Crawling recursively for packages in '/home/danya-ahmed/session6-task/ros2_ws/src/weather_pkg'
[0.134s] Level 1:colcon.colcon_core.package_identification:_identify(.) by extensions ['ignore', 'ignore_ament_install']
[0.135s] Level 1:colcon.colcon_core.package_identification:_identify(.) by extension 'ignore'
[0.135s] Level 1:colcon.colcon_core.package_identification:_identify(.) by extension 'ignore_ament_install'
[0.135s] Level 1:colcon.colcon_core.package_identification:_identify(.) by extensions ['colcon_pkg']
[0.135s] Level 1:colcon.colcon_core.package_identification:_identify(.) by extension 'colcon_pkg'
[0.135s] Level 1:colcon.colcon_core.package_identification:_identify(.) by extensions ['colcon_meta']
[0.135s] Level 1:colcon.colcon_core.package_identification:_identify(.) by extension 'colcon_meta'
[0.135s] Level 1:colcon.colcon_core.package_identification:_identify(.) by extensions ['ros']
[0.135s] Level 1:colcon.colcon_core.package_identification:_identify(.) by extension 'ros'
[0.162s] DEBUG:colcon.colcon_core.package_identification:Package '.' with type 'ros.ament_python' and name 'weather_pkg'
[0.162s] Level 1:colcon.colcon_core.package_discovery:discover_packages(recursive) using defaults
[0.162s] Level 1:colcon.colcon_core.package_discovery:discover_packages(ignore) discover
[0.162s] Level 1:colcon.colcon_core.package_discovery:discover_packages(ignore) using defaults
[0.162s] Level 1:colcon.colcon_core.package_discovery:discover_packages(path) discover
[0.162s] Level 1:colcon.colcon_core.package_discovery:discover_packages(path) using defaults
[0.179s] Level 1:colcon.colcon_core.package_discovery:discover_packages(prefix_path) check parameters
[0.179s] Level 1:colcon.colcon_core.package_discovery:discover_packages(prefix_path) discover
[0.181s] DEBUG:colcon.colcon_installed_package_information.package_discovery:Found 1 installed packages in /home/danya-ahmed/session6-task/ros2_ws/install
[0.181s] DEBUG:colcon.colcon_installed_package_information.package_discovery:Found 1 installed packages in /home/danya-ahmed/install
[0.182s] DEBUG:colcon.colcon_installed_package_information.package_discovery:Found 6 installed packages in /home/danya-ahmed/ros1_ws/install
[0.182s] DEBUG:colcon.colcon_installed_package_information.package_discovery:Found 1 installed packages in /home/danya-ahmed/session6-task/ros2_ws/src/weather_pkg/install
[0.183s] DEBUG:colcon.colcon_installed_package_information.package_discovery:Found 285 installed packages in /opt/ros/jazzy
[0.184s] Level 1:colcon.colcon_core.package_discovery:discover_packages(prefix_path) using defaults
[0.222s] Level 5:colcon.colcon_core.verb:set package 'weather_pkg' build argument 'cmake_args' from command line to 'None'
[0.223s] Level 5:colcon.colcon_core.verb:set package 'weather_pkg' build argument 'cmake_target' from command line to 'None'
[0.223s] Level 5:colcon.colcon_core.verb:set package 'weather_pkg' build argument 'cmake_target_skip_unavailable' from command line to 'False'
[0.223s] Level 5:colcon.colcon_core.verb:set package 'weather_pkg' build argument 'cmake_clean_cache' from command line to 'False'
[0.223s] Level 5:colcon.colcon_core.verb:set package 'weather_pkg' build argument 'cmake_clean_first' from command line to 'False'
[0.223s] Level 5:colcon.colcon_core.verb:set package 'weather_pkg' build argument 'cmake_force_configure' from command line to 'False'
[0.223s] Level 5:colcon.colcon_core.verb:set package 'weather_pkg' build argument 'ament_cmake_args' from command line to 'None'
[0.223s] Level 5:colcon.colcon_core.verb:set package 'weather_pkg' build argument 'catkin_cmake_args' from command line to 'None'
[0.223s] Level 5:colcon.colcon_core.verb:set package 'weather_pkg' build argument 'catkin_skip_building_tests' from command line to 'False'
[0.223s] DEBUG:colcon.colcon_core.verb:Building package 'weather_pkg' with the following arguments: {'ament_cmake_args': None, 'build_base': '/home/danya-ahmed/session6-task/ros2_ws/src/weather_pkg/build/weather_pkg', 'catkin_cmake_args': None, 'catkin_skip_building_tests': False, 'cmake_args': None, 'cmake_clean_cache': False, 'cmake_clean_first': False, 'cmake_force_configure': False, 'cmake_target': None, 'cmake_target_skip_unavailable': False, 'install_base': '/home/danya-ahmed/session6-task/ros2_ws/src/weather_pkg/install/weather_pkg', 'merge_install': False, 'path': '/home/danya-ahmed/session6-task/ros2_ws/src/weather_pkg', 'symlink_install': False, 'test_result_base': None}
[0.223s] INFO:colcon.colcon_core.executor:Executing jobs using 'parallel' executor
[0.224s] DEBUG:colcon.colcon_parallel_executor.executor.parallel:run_until_complete
[0.224s] INFO:colcon.colcon_ros.task.ament_python.build:Building ROS package in '/home/danya-ahmed/session6-task/ros2_ws/src/weather_pkg' with build type 'ament_python'
[0.224s] Level 1:colcon.colcon_core.shell:create_environment_hook('weather_pkg', 'ament_prefix_path')
[0.226s] INFO:colcon.colcon_core.plugin_system:Skipping extension 'colcon_core.shell.bat': Not used on non-Windows systems
[0.226s] INFO:colcon.colcon_core.shell:Creating environment hook '/home/danya-ahmed/session6-task/ros2_ws/src/weather_pkg/install/weather_pkg/share/weather_pkg/hook/ament_prefix_path.ps1'
[0.226s] INFO:colcon.colcon_core.shell:Creating environment descriptor '/home/danya-ahmed/session6-task/ros2_ws/src/weather_pkg/install/weather_pkg/share/weather_pkg/hook/ament_prefix_path.dsv'
[0.227s] INFO:colcon.colcon_core.shell:Creating environment hook '/home/danya-ahmed/session6-task/ros2_ws/src/weather_pkg/install/weather_pkg/share/weather_pkg/hook/ament_prefix_path.sh'
[0.227s] INFO:colcon.colcon_core.shell:Skip shell extension 'powershell' for command environment: Not usable outside of PowerShell
[0.227s] DEBUG:colcon.colcon_core.shell:Skip shell extension 'dsv' for command environment
[0.451s] INFO:colcon.colcon_core.task.python.build:Building Python package in '/home/danya-ahmed/session6-task/ros2_ws/src/weather_pkg'
[0.452s] INFO:colcon.colcon_core.shell:Skip shell extension 'powershell' for command environment: Not usable outside of PowerShell
[0.452s] DEBUG:colcon.colcon_core.shell:Skip shell extension 'dsv' for command environment
[1.041s] DEBUG:colcon.colcon_core.event_handler.log_command:Invoking command in '/home/danya-ahmed/session6-task/ros2_ws/src/weather_pkg': DEBUGINFOD_URLS=https://debuginfod.ubuntu.com PYTHONPATH=/home/danya-ahmed/session6-task/ros2_ws/src/weather_pkg/build/weather_pkg/prefix_override:/usr/lib/python3/dist-packages/colcon_core/task/python/colcon_distutils_commands:/home/danya-ahmed/session6-task/ros2_ws/src/weather_pkg/install/weather_pkg/lib/python3.12/site-packages:${PYTHONPATH} /usr/bin/python3 -W ignore:setup.py install is deprecated setup.py egg_info --egg-base build/weather_pkg build --build-base /home/danya-ahmed/session6-task/ros2_ws/src/weather_pkg/build/weather_pkg/build install --record /home/danya-ahmed/session6-task/ros2_ws/src/weather_pkg/build/weather_pkg/install.log --single-version-externally-managed install_data
[1.546s] DEBUG:colcon.colcon_core.event_handler.log_command:Invoked command in '/home/danya-ahmed/session6-task/ros2_ws/src/weather_pkg' returned '0': DEBUGINFOD_URLS=https://debuginfod.ubuntu.com PYTHONPATH=/home/danya-ahmed/session6-task/ros2_ws/src/weather_pkg/build/weather_pkg/prefix_override:/usr/lib/python3/dist-packages/colcon_core/task/python/colcon_distutils_commands:/home/danya-ahmed/session6-task/ros2_ws/src/weather_pkg/install/weather_pkg/lib/python3.12/site-packages:${PYTHONPATH} /usr/bin/python3 -W ignore:setup.py install is deprecated setup.py egg_info --egg-base build/weather_pkg build --build-base /home/danya-ahmed/session6-task/ros2_ws/src/weather_pkg/build/weather_pkg/build install --record /home/danya-ahmed/session6-task/ros2_ws/src/weather_pkg/build/weather_pkg/install.log --single-version-externally-managed install_data
[1.548s] Level 1:colcon.colcon_core.environment:checking '/home/danya-ahmed/session6-task/ros2_ws/src/weather_pkg/install/weather_pkg' for CMake module files
[1.548s] Level 1:colcon.colcon_core.environment:checking '/home/danya-ahmed/session6-task/ros2_ws/src/weather_pkg/install/weather_pkg' for CMake config files
[1.549s] Level 1:colcon.colcon_core.environment:checking '/home/danya-ahmed/session6-task/ros2_ws/src/weather_pkg/install/weather_pkg/lib'
[1.549s] Level 1:colcon.colcon_core.environment:checking '/home/danya-ahmed/session6-task/ros2_ws/src/weather_pkg/install/weather_pkg/bin'
[1.549s] Level 1:colcon.colcon_core.environment:checking '/home/danya-ahmed/session6-task/ros2_ws/src/weather_pkg/install/weather_pkg/lib/pkgconfig/weather_pkg.pc'
[1.550s] Level 1:colcon.colcon_core.environment:checking '/home/danya-ahmed/session6-task/ros2_ws/src/weather_pkg/install/weather_pkg/lib/python3.12/site-packages'
[1.550s] Level 1:colcon.colcon_core.shell:create_environment_hook('weather_pkg', 'pythonpath')
[1.550s] INFO:colcon.colcon_core.shell:Creating environment hook '/home/danya-ahmed/session6-task/ros2_ws/src/weather_pkg/install/weather_pkg/share/weather_pkg/hook/pythonpath.ps1'
[1.550s] INFO:colcon.colcon_core.shell:Creating environment descriptor '/home/danya-ahmed/session6-task/ros2_ws/src/weather_pkg/install/weather_pkg/share/weather_pkg/hook/pythonpath.dsv'
[1.551s] INFO:colcon.colcon_core.shell:Creating environment hook '/home/danya-ahmed/session6-task/ros2_ws/src/weather_pkg/install/weather_pkg/share/weather_pkg/hook/pythonpath.sh'
[1.551s] Level 1:colcon.colcon_core.environment:checking '/home/danya-ahmed/session6-task/ros2_ws/src/weather_pkg/install/weather_pkg/bin'
[1.551s] Level 1:colcon.colcon_core.environment:create_environment_scripts_only(weather_pkg)
[1.552s] INFO:colcon.colcon_core.shell:Creating package script '/home/danya-ahmed/session6-task/ros2_ws/src/weather_pkg/install/weather_pkg/share/weather_pkg/package.ps1'
[1.552s] INFO:colcon.colcon_core.shell:Creating package descriptor '/home/danya-ahmed/session6-task/ros2_ws/src/weather_pkg/install/weather_pkg/share/weather_pkg/package.dsv'
[1.553s] INFO:colcon.colcon_core.shell:Creating package script '/home/danya-ahmed/session6-task/ros2_ws/src/weather_pkg/install/weather_pkg/share/weather_pkg/package.sh'
[1.553s] INFO:colcon.colcon_core.shell:Creating package script '/home/danya-ahmed/session6-task/ros2_ws/src/weather_pkg/install/weather_pkg/share/weather_pkg/package.bash'
[1.554s] INFO:colcon.colcon_core.shell:Creating package script '/home/danya-ahmed/session6-task/ros2_ws/src/weather_pkg/install/weather_pkg/share/weather_pkg/package.zsh'
[1.555s] Level 1:colcon.colcon_core.environment:create_file_with_runtime_dependencies(/home/danya-ahmed/session6-task/ros2_ws/src/weather_pkg/install/weather_pkg/share/colcon-core/packages/weather_pkg)
[1.555s] DEBUG:colcon.colcon_parallel_executor.executor.parallel:closing loop
[1.555s] DEBUG:colcon.colcon_parallel_executor.executor.parallel:loop closed
[1.555s] DEBUG:colcon.colcon_parallel_executor.executor.parallel:run_until_complete finished with '0'
[1.555s] DEBUG:colcon.colcon_core.event_reactor:joining thread
[1.560s] INFO:colcon.colcon_core.plugin_system:Skipping extension 'colcon_notification.desktop_notification.terminal_notifier': Not used on non-Darwin systems
[1.560s] INFO:colcon.colcon_core.plugin_system:Skipping extension 'colcon_notification.desktop_notification.win32': Not used on non-Windows systems
[1.560s] INFO:colcon.colcon_notification.desktop_notification:Sending desktop notification using 'notify2'
[1.573s] DEBUG:colcon.colcon_core.event_reactor:joined thread
[1.573s] INFO:colcon.colcon_core.shell:Creating prefix script '/home/danya-ahmed/session6-task/ros2_ws/src/weather_pkg/install/local_setup.ps1'
[1.574s] INFO:colcon.colcon_core.shell:Creating prefix util module '/home/danya-ahmed/session6-task/ros2_ws/src/weather_pkg/install/_local_setup_util_ps1.py'
[1.575s] INFO:colcon.colcon_core.shell:Creating prefix chain script '/home/danya-ahmed/session6-task/ros2_ws/src/weather_pkg/install/setup.ps1'
[1.576s] INFO:colcon.colcon_core.shell:Creating prefix script '/home/danya-ahmed/session6-task/ros2_ws/src/weather_pkg/install/local_setup.sh'
[1.576s] INFO:colcon.colcon_core.shell:Creating prefix util module '/home/danya-ahmed/session6-task/ros2_ws/src/weather_pkg/install/_local_setup_util_sh.py'
[1.577s] INFO:colcon.colcon_core.shell:Creating prefix chain script '/home/danya-ahmed/session6-task/ros2_ws/src/weather_pkg/install/setup.sh'
[1.578s] INFO:colcon.colcon_core.shell:Creating prefix script '/home/danya-ahmed/session6-task/ros2_ws/src/weather_pkg/install/local_setup.bash'
[1.578s] INFO:colcon.colcon_core.shell:Creating prefix chain script '/home/danya-ahmed/session6-task/ros2_ws/src/weather_pkg/install/setup.bash'
[1.579s] INFO:colcon.colcon_core.shell:Creating prefix script '/home/danya-ahmed/session6-task/ros2_ws/src/weather_pkg/install/local_setup.zsh'
[1.580s] INFO:colcon.colcon_core.shell:Creating prefix chain script '/home/danya-ahmed/session6-task/ros2_ws/src/weather_pkg/install/setup.zsh'
